# JRE version: Java(TM) SE Runtime Environment (13.0.1+9) (build 13.0.1+9)
# Java VM: Java HotSpot(TM) 64-Bit Server VM (13.0.1+9, mixed mode, sharing, tiered, compressed oops, g1 gc, windows-amd64)
Heap:
 garbage-first heap   total 61440K, used 37488K [0x0000000083200000, 0x0000000100000000)
  region size 1024K, 25 young (25600K), 3 survivors (3072K)
 Metaspace       used 33204K, capacity 34137K, committed 34432K, reserved 1079296K
  class space    used 4227K, capacity 4610K, committed 4736K, reserved 1048576K
GC Heap History (20 events):
Event: 2.154 GC heap before
{Heap before GC invocations=1 (full 0):
 garbage-first heap   total 129024K, used 12984K [0x0000000083200000, 0x0000000100000000)
  region size 1024K, 9 young (9216K), 2 survivors (2048K)
 Metaspace       used 3929K, capacity 6601K, committed 6912K, reserved 1056768K
  class space    used 428K, capacity 674K, committed 768K, reserved 1048576K
}
Event: 2.162 GC heap after
{Heap after GC invocations=2 (full 0):
 garbage-first heap   total 129024K, used 6383K [0x0000000083200000, 0x0000000100000000)
  region size 1024K, 1 young (1024K), 1 survivors (1024K)
 Metaspace       used 3929K, capacity 6601K, committed 6912K, reserved 1056768K
  class space    used 428K, capacity 674K, committed 768K, reserved 1048576K
}
Event: 2.990 GC heap before
{Heap before GC invocations=2 (full 0):
 garbage-first heap   total 129024K, used 30959K [0x0000000083200000, 0x0000000100000000)
  region size 1024K, 25 young (25600K), 1 survivors (1024K)
 Metaspace       used 8687K, capacity 10242K, committed 10496K, reserved 1058816K
  class space    used 980K, capacity 1177K, committed 1280K, reserved 1048576K
}
Event: 2.998 GC heap after
{Heap after GC invocations=3 (full 0):
 garbage-first heap   total 129024K, used 7340K [0x0000000083200000, 0x0000000100000000)
  region size 1024K, 2 young (2048K), 2 survivors (2048K)
 Metaspace       used 8687K, capacity 10242K, committed 10496K, reserved 1058816K
  class space    used 980K, capacity 1177K, committed 1280K, reserved 1048576K
}
Event: 5.110 GC heap before
{Heap before GC invocations=3 (full 0):
 garbage-first heap   total 129024K, used 49324K [0x0000000083200000, 0x0000000100000000)
  region size 1024K, 43 young (44032K), 2 survivors (2048K)
 Metaspace       used 14597K, capacity 15174K, committed 15360K, reserved 1062912K
  class space    used 1775K, capacity 1950K, committed 2048K, reserved 1048576K
}
Event: 5.125 GC heap after
{Heap after GC invocations=4 (full 0):
 garbage-first heap   total 129024K, used 8971K [0x0000000083200000, 0x0000000100000000)
  region size 1024K, 3 young (3072K), 3 survivors (3072K)
 Metaspace       used 14597K, capacity 15174K, committed 15360K, reserved 1062912K
  class space    used 1775K, capacity 1950K, committed 2048K, reserved 1048576K
}
Event: 6.438 GC heap before
{Heap before GC invocations=4 (full 0):
 garbage-first heap   total 129024K, used 74507K [0x0000000083200000, 0x0000000100000000)
  region size 1024K, 68 young (69632K), 3 survivors (3072K)
 Metaspace       used 15800K, capacity 16317K, committed 16512K, reserved 1062912K
  class space    used 1879K, capacity 2067K, committed 2176K, reserved 1048576K
}
Event: 6.452 GC heap after
{Heap after GC invocations=5 (full 0):
 garbage-first heap   total 155648K, used 10415K [0x0000000083200000, 0x0000000100000000)
  region size 1024K, 5 young (5120K), 5 survivors (5120K)
 Metaspace       used 15800K, capacity 16317K, committed 16512K, reserved 1062912K
  class space    used 1879K, capacity 2067K, committed 2176K, reserved 1048576K
}
Event: 7.765 GC heap before
{Heap before GC invocations=5 (full 0):
 garbage-first heap   total 155648K, used 90287K [0x0000000083200000, 0x0000000100000000)
  region size 1024K, 83 young (84992K), 5 survivors (5120K)
 Metaspace       used 18010K, capacity 18566K, committed 18816K, reserved 1064960K
  class space    used 2155K, capacity 2361K, committed 2432K, reserved 1048576K
}
Event: 7.785 GC heap after
{Heap after GC invocations=6 (full 0):
 garbage-first heap   total 155648K, used 11324K [0x0000000083200000, 0x0000000100000000)
  region size 1024K, 6 young (6144K), 6 survivors (6144K)
 Metaspace       used 18010K, capacity 18566K, committed 18816K, reserved 1064960K
  class space    used 2155K, capacity 2361K, committed 2432K, reserved 1048576K
}
Event: 9.336 GC heap before
{Heap before GC invocations=6 (full 0):
 garbage-first heap   total 155648K, used 32828K [0x0000000083200000, 0x0000000100000000)
  region size 1024K, 28 young (28672K), 6 survivors (6144K)
 Metaspace       used 20588K, capacity 21199K, committed 21248K, reserved 1067008K
  class space    used 2511K, capacity 2791K, committed 2816K, reserved 1048576K
}
Event: 9.380 GC heap after
{Heap after GC invocations=7 (full 0):
 garbage-first heap   total 155648K, used 12720K [0x0000000083200000, 0x0000000100000000)
  region size 1024K, 7 young (7168K), 7 survivors (7168K)
 Metaspace       used 20588K, capacity 21199K, committed 21248K, reserved 1067008K
  class space    used 2511K, capacity 2791K, committed 2816K, reserved 1048576K
}
Event: 11.079 GC heap before
{Heap before GC invocations=8 (full 0):
 garbage-first heap   total 48128K, used 34224K [0x0000000083200000, 0x0000000100000000)
  region size 1024K, 28 young (28672K), 7 survivors (7168K)
 Metaspace       used 23496K, capacity 24332K, committed 24576K, reserved 1071104K
  class space    used 2931K, capacity 3270K, committed 3328K, reserved 1048576K
}
Event: 11.147 GC heap after
{Heap after GC invocations=9 (full 0):
 garbage-first heap   total 48128K, used 13697K [0x0000000083200000, 0x0000000100000000)
  region size 1024K, 3 young (3072K), 3 survivors (3072K)
 Metaspace       used 23496K, capacity 24332K, committed 24576K, reserved 1071104K
  class space    used 2931K, capacity 3270K, committed 3328K, reserved 1048576K
}
Event: 12.220 GC heap before
{Heap before GC invocations=9 (full 0):
 garbage-first heap   total 48128K, used 35201K [0x0000000083200000, 0x0000000100000000)
  region size 1024K, 25 young (25600K), 3 survivors (3072K)
 Metaspace       used 26057K, capacity 26954K, committed 27136K, reserved 1073152K
  class space    used 3203K, capacity 3547K, committed 3584K, reserved 1048576K
}
Event: 12.245 GC heap after
{Heap after GC invocations=10 (full 0):
 garbage-first heap   total 61440K, used 14807K [0x0000000083200000, 0x0000000100000000)
  region size 1024K, 3 young (3072K), 3 survivors (3072K)
 Metaspace       used 26057K, capacity 26954K, committed 27136K, reserved 1073152K
  class space    used 3203K, capacity 3547K, committed 3584K, reserved 1048576K
}
Event: 12.324 GC heap before
{Heap before GC invocations=10 (full 0):
 garbage-first heap   total 61440K, used 42455K [0x0000000083200000, 0x0000000100000000)
  region size 1024K, 31 young (31744K), 3 survivors (3072K)
 Metaspace       used 26064K, capacity 26954K, committed 27136K, reserved 1073152K
  class space    used 3203K, capacity 3547K, committed 3584K, reserved 1048576K
}
Event: 12.342 GC heap after
{Heap after GC invocations=11 (full 0):
 garbage-first heap   total 61440K, used 14608K [0x0000000083200000, 0x0000000100000000)
  region size 1024K, 1 young (1024K), 1 survivors (1024K)
 Metaspace       used 26064K, capacity 26954K, committed 27136K, reserved 1073152K
  class space    used 3203K, capacity 3547K, committed 3584K, reserved 1048576K
}
Event: 14.827 GC heap before
{Heap before GC invocations=11 (full 0):
 garbage-first heap   total 61440K, used 42256K [0x0000000083200000, 0x0000000100000000)
  region size 1024K, 29 young (29696K), 1 survivors (1024K)
 Metaspace       used 29841K, capacity 30833K, committed 30976K, reserved 1077248K
  class space    used 3663K, capacity 4047K, committed 4096K, reserved 1048576K
}
Event: 14.841 GC heap after
{Heap after GC invocations=12 (full 0):
 garbage-first heap   total 61440K, used 15984K [0x0000000083200000, 0x0000000100000000)
  region size 1024K, 3 young (3072K), 3 survivors (3072K)
 Metaspace       used 29841K, capacity 30833K, committed 30976K, reserved 1077248K
  class space    used 3663K, capacity 4047K, committed 4096K, reserved 1048576K
}

