# JRE version: Java(TM) SE Runtime Environment (13.0.1+9) (build 13.0.1+9)
# Java VM: Java HotSpot(TM) 64-Bit Server VM (13.0.1+9, mixed mode, sharing, tiered, compressed oops, g1 gc, windows-amd64)
Heap:
 garbage-first heap   total 60416K, used 18628K [0x0000000083200000, 0x0000000100000000)
  region size 1024K, 5 young (5120K), 3 survivors (3072K)
 Metaspace       used 35164K, capacity 36109K, committed 36172K, reserved 1081344K
  class space    used 4526K, capacity 4885K, committed 4940K, reserved 1048576K
GC Heap History (20 events):
Event: 2.436 GC heap before
{Heap before GC invocations=3 (full 0):
 garbage-first heap   total 129024K, used 50365K [0x0000000083200000, 0x0000000100000000)
  region size 1024K, 44 young (45056K), 2 survivors (2048K)
 Metaspace       used 14457K, capacity 15169K, committed 15360K, reserved 1062912K
  class space    used 1763K, capacity 1948K, committed 2048K, reserved 1048576K
}
Event: 2.444 GC heap after
{Heap after GC invocations=4 (full 0):
 garbage-first heap   total 129024K, used 8922K [0x0000000083200000, 0x0000000100000000)
  region size 1024K, 3 young (3072K), 3 survivors (3072K)
 Metaspace       used 14457K, capacity 15169K, committed 15360K, reserved 1062912K
  class space    used 1763K, capacity 1948K, committed 2048K, reserved 1048576K
}
Event: 3.054 GC heap before
{Heap before GC invocations=4 (full 0):
 garbage-first heap   total 129024K, used 73434K [0x0000000083200000, 0x0000000100000000)
  region size 1024K, 67 young (68608K), 3 survivors (3072K)
 Metaspace       used 15768K, capacity 16237K, committed 16512K, reserved 1062912K
  class space    used 1882K, capacity 2068K, committed 2176K, reserved 1048576K
}
Event: 3.064 GC heap after
{Heap after GC invocations=5 (full 0):
 garbage-first heap   total 129024K, used 10536K [0x0000000083200000, 0x0000000100000000)
  region size 1024K, 5 young (5120K), 5 survivors (5120K)
 Metaspace       used 15768K, capacity 16237K, committed 16512K, reserved 1062912K
  class space    used 1882K, capacity 2068K, committed 2176K, reserved 1048576K
}
Event: 3.975 GC heap before
{Heap before GC invocations=5 (full 0):
 garbage-first heap   total 129024K, used 82216K [0x0000000083200000, 0x0000000100000000)
  region size 1024K, 75 young (76800K), 5 survivors (5120K)
 Metaspace       used 18390K, capacity 18959K, committed 19072K, reserved 1067008K
  class space    used 2217K, capacity 2406K, committed 2432K, reserved 1048576K
}
Event: 3.999 GC heap after
{Heap after GC invocations=6 (full 0):
 garbage-first heap   total 157696K, used 11335K [0x0000000083200000, 0x0000000100000000)
  region size 1024K, 6 young (6144K), 6 survivors (6144K)
 Metaspace       used 18390K, capacity 18959K, committed 19072K, reserved 1067008K
  class space    used 2217K, capacity 2406K, committed 2432K, reserved 1048576K
}
Event: 4.543 GC heap before
{Heap before GC invocations=6 (full 0):
 garbage-first heap   total 157696K, used 28743K [0x0000000083200000, 0x0000000100000000)
  region size 1024K, 24 young (24576K), 6 survivors (6144K)
 Metaspace       used 20580K, capacity 21166K, committed 21248K, reserved 1067008K
  class space    used 2512K, capacity 2760K, committed 2816K, reserved 1048576K
}
Event: 4.560 GC heap after
{Heap after GC invocations=7 (full 0):
 garbage-first heap   total 157696K, used 12107K [0x0000000083200000, 0x0000000100000000)
  region size 1024K, 6 young (6144K), 6 survivors (6144K)
 Metaspace       used 20580K, capacity 21166K, committed 21248K, reserved 1067008K
  class space    used 2512K, capacity 2760K, committed 2816K, reserved 1048576K
}
Event: 5.275 GC heap before
{Heap before GC invocations=8 (full 0):
 garbage-first heap   total 45056K, used 32587K [0x0000000083200000, 0x0000000100000000)
  region size 1024K, 26 young (26624K), 6 survivors (6144K)
 Metaspace       used 23407K, capacity 24266K, committed 24576K, reserved 1071104K
  class space    used 2918K, capacity 3271K, committed 3328K, reserved 1048576K
}
Event: 5.303 GC heap after
{Heap after GC invocations=9 (full 0):
 garbage-first heap   total 45056K, used 13851K [0x0000000083200000, 0x0000000100000000)
  region size 1024K, 3 young (3072K), 3 survivors (3072K)
 Metaspace       used 23407K, capacity 24266K, committed 24576K, reserved 1071104K
  class space    used 2918K, capacity 3271K, committed 3328K, reserved 1048576K
}
Event: 5.818 GC heap before
{Heap before GC invocations=9 (full 0):
 garbage-first heap   total 45056K, used 32283K [0x0000000083200000, 0x0000000100000000)
  region size 1024K, 22 young (22528K), 3 survivors (3072K)
 Metaspace       used 26049K, capacity 26953K, committed 27136K, reserved 1073152K
  class space    used 3203K, capacity 3548K, committed 3584K, reserved 1048576K
}
Event: 5.831 GC heap after
{Heap after GC invocations=10 (full 0):
 garbage-first heap   total 45056K, used 15171K [0x0000000083200000, 0x0000000100000000)
  region size 1024K, 2 young (2048K), 2 survivors (2048K)
 Metaspace       used 26049K, capacity 26953K, committed 27136K, reserved 1073152K
  class space    used 3203K, capacity 3548K, committed 3584K, reserved 1048576K
}
Event: 5.839 GC heap before
{Heap before GC invocations=10 (full 0):
 garbage-first heap   total 45056K, used 32579K [0x0000000083200000, 0x0000000100000000)
  region size 1024K, 20 young (20480K), 2 survivors (2048K)
 Metaspace       used 26049K, capacity 26953K, committed 27136K, reserved 1073152K
  class space    used 3203K, capacity 3548K, committed 3584K, reserved 1048576K
}
Event: 5.845 GC heap after
{Heap after GC invocations=11 (full 0):
 garbage-first heap   total 60416K, used 14999K [0x0000000083200000, 0x0000000100000000)
  region size 1024K, 2 young (2048K), 2 survivors (2048K)
 Metaspace       used 26049K, capacity 26953K, committed 27136K, reserved 1073152K
  class space    used 3203K, capacity 3548K, committed 3584K, reserved 1048576K
}
Event: 6.220 GC heap before
{Heap before GC invocations=11 (full 0):
 garbage-first heap   total 60416K, used 41623K [0x0000000083200000, 0x0000000100000000)
  region size 1024K, 29 young (29696K), 2 survivors (2048K)
 Metaspace       used 27294K, capacity 28209K, committed 28416K, reserved 1073152K
  class space    used 3364K, capacity 3731K, committed 3840K, reserved 1048576K
}
Event: 6.227 GC heap after
{Heap after GC invocations=12 (full 0):
 garbage-first heap   total 60416K, used 15314K [0x0000000083200000, 0x0000000100000000)
  region size 1024K, 2 young (2048K), 2 survivors (2048K)
 Metaspace       used 27294K, capacity 28209K, committed 28416K, reserved 1073152K
  class space    used 3364K, capacity 3731K, committed 3840K, reserved 1048576K
}
Event: 6.924 GC heap before
{Heap before GC invocations=12 (full 0):
 garbage-first heap   total 60416K, used 42962K [0x0000000083200000, 0x0000000100000000)
  region size 1024K, 30 young (30720K), 2 survivors (2048K)
 Metaspace       used 32111K, capacity 33071K, committed 33152K, reserved 1077248K
  class space    used 4023K, capacity 4407K, committed 4480K, reserved 1048576K
}
Event: 6.933 GC heap after
{Heap after GC invocations=13 (full 0):
 garbage-first heap   total 60416K, used 16677K [0x0000000083200000, 0x0000000100000000)
  region size 1024K, 3 young (3072K), 3 survivors (3072K)
 Metaspace       used 32111K, capacity 33071K, committed 33152K, reserved 1077248K
  class space    used 4023K, capacity 4407K, committed 4480K, reserved 1048576K
}
Event: 7.326 GC heap before
{Heap before GC invocations=13 (full 0):
 garbage-first heap   total 60416K, used 34085K [0x0000000083200000, 0x0000000100000000)
  region size 1024K, 21 young (21504K), 3 survivors (3072K)
 Metaspace       used 34863K, capacity 35795K, committed 35840K, reserved 1081344K
  class space    used 4485K, capacity 4844K, committed 4864K, reserved 1048576K
}
Event: 7.337 GC heap after
{Heap after GC invocations=14 (full 0):
 garbage-first heap   total 60416K, used 17604K [0x0000000083200000, 0x0000000100000000)
  region size 1024K, 3 young (3072K), 3 survivors (3072K)
 Metaspace       used 34863K, capacity 35795K, committed 35840K, reserved 1081344K
  class space    used 4485K, capacity 4844K, committed 4864K, reserved 1048576K
}

