# JRE version: Java(TM) SE Runtime Environment (13.0.1+9) (build 13.0.1+9)
# Java VM: Java HotSpot(TM) 64-Bit Server VM (13.0.1+9, mixed mode, sharing, tiered, compressed oops, g1 gc, windows-amd64)
Heap:
 garbage-first heap   total 56320K, used 18100K [0x0000000083200000, 0x0000000100000000)
  region size 1024K, 4 young (4096K), 2 survivors (2048K)
 Metaspace       used 34998K, capacity 35977K, committed 36172K, reserved 1081344K
  class space    used 4505K, capacity 4883K, committed 4940K, reserved 1048576K
GC Heap History (20 events):
Event: 2.213 GC heap before
{Heap before GC invocations=3 (full 0):
 garbage-first heap   total 129024K, used 46441K [0x0000000083200000, 0x0000000100000000)
  region size 1024K, 40 young (40960K), 2 survivors (2048K)
 Metaspace       used 14500K, capacity 15236K, committed 15360K, reserved 1062912K
  class space    used 1764K, capacity 1948K, committed 2048K, reserved 1048576K
}
Event: 2.220 GC heap after
{Heap after GC invocations=4 (full 0):
 garbage-first heap   total 129024K, used 8984K [0x0000000083200000, 0x0000000100000000)
  region size 1024K, 3 young (3072K), 3 survivors (3072K)
 Metaspace       used 14500K, capacity 15236K, committed 15360K, reserved 1062912K
  class space    used 1764K, capacity 1948K, committed 2048K, reserved 1048576K
}
Event: 2.755 GC heap before
{Heap before GC invocations=4 (full 0):
 garbage-first heap   total 129024K, used 68376K [0x0000000083200000, 0x0000000100000000)
  region size 1024K, 62 young (63488K), 3 survivors (3072K)
 Metaspace       used 15585K, capacity 16162K, committed 16512K, reserved 1062912K
  class space    used 1865K, capacity 2065K, committed 2176K, reserved 1048576K
}
Event: 2.762 GC heap after
{Heap after GC invocations=5 (full 0):
 garbage-first heap   total 155648K, used 10433K [0x0000000083200000, 0x0000000100000000)
  region size 1024K, 5 young (5120K), 5 survivors (5120K)
 Metaspace       used 15585K, capacity 16162K, committed 16512K, reserved 1062912K
  class space    used 1865K, capacity 2065K, committed 2176K, reserved 1048576K
}
Event: 3.361 GC heap before
{Heap before GC invocations=5 (full 0):
 garbage-first heap   total 155648K, used 86209K [0x0000000083200000, 0x0000000100000000)
  region size 1024K, 79 young (80896K), 5 survivors (5120K)
 Metaspace       used 16808K, capacity 17341K, committed 17664K, reserved 1064960K
  class space    used 2016K, capacity 2215K, committed 2304K, reserved 1048576K
}
Event: 3.371 GC heap after
{Heap after GC invocations=6 (full 0):
 garbage-first heap   total 155648K, used 10774K [0x0000000083200000, 0x0000000100000000)
  region size 1024K, 5 young (5120K), 5 survivors (5120K)
 Metaspace       used 16808K, capacity 17341K, committed 17664K, reserved 1064960K
  class space    used 2016K, capacity 2215K, committed 2304K, reserved 1048576K
}
Event: 4.270 GC heap before
{Heap before GC invocations=6 (full 0):
 garbage-first heap   total 155648K, used 42518K [0x0000000083200000, 0x0000000100000000)
  region size 1024K, 37 young (37888K), 5 survivors (5120K)
 Metaspace       used 20597K, capacity 21194K, committed 21248K, reserved 1067008K
  class space    used 2526K, capacity 2791K, committed 2816K, reserved 1048576K
}
Event: 4.284 GC heap after
{Heap after GC invocations=7 (full 0):
 garbage-first heap   total 155648K, used 12114K [0x0000000083200000, 0x0000000100000000)
  region size 1024K, 6 young (6144K), 6 survivors (6144K)
 Metaspace       used 20597K, capacity 21194K, committed 21248K, reserved 1067008K
  class space    used 2526K, capacity 2791K, committed 2816K, reserved 1048576K
}
Event: 5.003 GC heap before
{Heap before GC invocations=8 (full 0):
 garbage-first heap   total 45056K, used 32594K [0x0000000083200000, 0x0000000100000000)
  region size 1024K, 26 young (26624K), 6 survivors (6144K)
 Metaspace       used 23387K, capacity 24162K, committed 24320K, reserved 1071104K
  class space    used 2926K, capacity 3236K, committed 3328K, reserved 1048576K
}
Event: 5.029 GC heap after
{Heap after GC invocations=9 (full 0):
 garbage-first heap   total 45056K, used 14192K [0x0000000083200000, 0x0000000100000000)
  region size 1024K, 4 young (4096K), 4 survivors (4096K)
 Metaspace       used 23387K, capacity 24162K, committed 24320K, reserved 1071104K
  class space    used 2926K, capacity 3236K, committed 3328K, reserved 1048576K
}
Event: 5.543 GC heap before
{Heap before GC invocations=9 (full 0):
 garbage-first heap   total 45056K, used 32624K [0x0000000083200000, 0x0000000100000000)
  region size 1024K, 23 young (23552K), 4 survivors (4096K)
 Metaspace       used 26050K, capacity 26889K, committed 27136K, reserved 1073152K
  class space    used 3202K, capacity 3548K, committed 3584K, reserved 1048576K
}
Event: 5.559 GC heap after
{Heap after GC invocations=10 (full 0):
 garbage-first heap   total 56320K, used 14824K [0x0000000083200000, 0x0000000100000000)
  region size 1024K, 2 young (2048K), 2 survivors (2048K)
 Metaspace       used 26050K, capacity 26889K, committed 27136K, reserved 1073152K
  class space    used 3202K, capacity 3548K, committed 3584K, reserved 1048576K
}
Event: 5.573 GC heap before
{Heap before GC invocations=10 (full 0):
 garbage-first heap   total 56320K, used 39400K [0x0000000083200000, 0x0000000100000000)
  region size 1024K, 27 young (27648K), 2 survivors (2048K)
 Metaspace       used 26050K, capacity 26889K, committed 27136K, reserved 1073152K
  class space    used 3202K, capacity 3548K, committed 3584K, reserved 1048576K
}
Event: 5.577 GC heap after
{Heap after GC invocations=11 (full 0):
 garbage-first heap   total 56320K, used 14808K [0x0000000083200000, 0x0000000100000000)
  region size 1024K, 2 young (2048K), 2 survivors (2048K)
 Metaspace       used 26050K, capacity 26889K, committed 27136K, reserved 1073152K
  class space    used 3202K, capacity 3548K, committed 3584K, reserved 1048576K
}
Event: 6.212 GC heap before
{Heap before GC invocations=11 (full 0):
 garbage-first heap   total 56320K, used 40408K [0x0000000083200000, 0x0000000100000000)
  region size 1024K, 28 young (28672K), 2 survivors (2048K)
 Metaspace       used 28597K, capacity 29532K, committed 29824K, reserved 1075200K
  class space    used 3541K, capacity 3915K, committed 3968K, reserved 1048576K
}
Event: 6.219 GC heap after
{Heap after GC invocations=12 (full 0):
 garbage-first heap   total 56320K, used 15543K [0x0000000083200000, 0x0000000100000000)
  region size 1024K, 3 young (3072K), 3 survivors (3072K)
 Metaspace       used 28597K, capacity 29532K, committed 29824K, reserved 1075200K
  class space    used 3541K, capacity 3915K, committed 3968K, reserved 1048576K
}
Event: 6.897 GC heap before
{Heap before GC invocations=12 (full 0):
 garbage-first heap   total 56320K, used 41143K [0x0000000083200000, 0x0000000100000000)
  region size 1024K, 29 young (29696K), 3 survivors (3072K)
 Metaspace       used 33302K, capacity 34233K, committed 34432K, reserved 1079296K
  class space    used 4275K, capacity 4643K, committed 4736K, reserved 1048576K
}
Event: 6.906 GC heap after
{Heap after GC invocations=13 (full 0):
 garbage-first heap   total 56320K, used 16591K [0x0000000083200000, 0x0000000100000000)
  region size 1024K, 4 young (4096K), 4 survivors (4096K)
 Metaspace       used 33302K, capacity 34233K, committed 34432K, reserved 1079296K
  class space    used 4275K, capacity 4643K, committed 4736K, reserved 1048576K
}
Event: 7.101 GC heap before
{Heap before GC invocations=13 (full 0):
 garbage-first heap   total 56320K, used 25807K [0x0000000083200000, 0x0000000100000000)
  region size 1024K, 14 young (14336K), 4 survivors (4096K)
 Metaspace       used 34861K, capacity 35799K, committed 35840K, reserved 1081344K
  class space    used 4492K, capacity 4845K, committed 4864K, reserved 1048576K
}
Event: 7.113 GC heap after
{Heap after GC invocations=14 (full 0):
 garbage-first heap   total 56320K, used 17076K [0x0000000083200000, 0x0000000100000000)
  region size 1024K, 2 young (2048K), 2 survivors (2048K)
 Metaspace       used 34861K, capacity 35799K, committed 35840K, reserved 1081344K
  class space    used 4492K, capacity 4845K, committed 4864K, reserved 1048576K
}

