# JRE version: Java(TM) SE Runtime Environment (13.0.1+9) (build 13.0.1+9)
# Java VM: Java HotSpot(TM) 64-Bit Server VM (13.0.1+9, mixed mode, sharing, tiered, compressed oops, g1 gc, windows-amd64)
Heap:
 garbage-first heap   total 57344K, used 37333K [0x0000000083200000, 0x0000000100000000)
  region size 1024K, 26 young (26624K), 2 survivors (2048K)
 Metaspace       used 27479K, capacity 28414K, committed 28672K, reserved 1075200K
  class space    used 3380K, capacity 3734K, committed 3840K, reserved 1048576K
GC Heap History (20 events):
Event: 0.834 GC heap before
{Heap before GC invocations=0 (full 0):
 garbage-first heap   total 129024K, used 14336K [0x0000000083200000, 0x0000000100000000)
  region size 1024K, 14 young (14336K), 0 survivors (0K)
 Metaspace       used 2441K, capacity 5641K, committed 5760K, reserved 1056768K
  class space    used 231K, capacity 542K, committed 640K, reserved 1048576K
}
Event: 0.843 GC heap after
{Heap after GC invocations=1 (full 0):
 garbage-first heap   total 129024K, used 5848K [0x0000000083200000, 0x0000000100000000)
  region size 1024K, 2 young (2048K), 2 survivors (2048K)
 Metaspace       used 2441K, capacity 5641K, committed 5760K, reserved 1056768K
  class space    used 231K, capacity 542K, committed 640K, reserved 1048576K
}
Event: 1.079 GC heap before
{Heap before GC invocations=1 (full 0):
 garbage-first heap   total 129024K, used 11992K [0x0000000083200000, 0x0000000100000000)
  region size 1024K, 8 young (8192K), 2 survivors (2048K)
 Metaspace       used 3723K, capacity 6423K, committed 6528K, reserved 1056768K
  class space    used 395K, capacity 636K, committed 640K, reserved 1048576K
}
Event: 1.082 GC heap after
{Heap after GC invocations=2 (full 0):
 garbage-first heap   total 129024K, used 6237K [0x0000000083200000, 0x0000000100000000)
  region size 1024K, 1 young (1024K), 1 survivors (1024K)
 Metaspace       used 3723K, capacity 6423K, committed 6528K, reserved 1056768K
  class space    used 395K, capacity 636K, committed 640K, reserved 1048576K
}
Event: 1.584 GC heap before
{Heap before GC invocations=2 (full 0):
 garbage-first heap   total 129024K, used 29789K [0x0000000083200000, 0x0000000100000000)
  region size 1024K, 25 young (25600K), 1 survivors (1024K)
 Metaspace       used 8316K, capacity 9856K, committed 10112K, reserved 1058816K
  class space    used 926K, capacity 1133K, committed 1152K, reserved 1048576K
}
Event: 1.588 GC heap after
{Heap after GC invocations=3 (full 0):
 garbage-first heap   total 129024K, used 7297K [0x0000000083200000, 0x0000000100000000)
  region size 1024K, 2 young (2048K), 2 survivors (2048K)
 Metaspace       used 8316K, capacity 9856K, committed 10112K, reserved 1058816K
  class space    used 926K, capacity 1133K, committed 1152K, reserved 1048576K
}
Event: 2.723 GC heap before
{Heap before GC invocations=3 (full 0):
 garbage-first heap   total 129024K, used 55425K [0x0000000083200000, 0x0000000100000000)
  region size 1024K, 49 young (50176K), 2 survivors (2048K)
 Metaspace       used 14519K, capacity 15236K, committed 15360K, reserved 1062912K
  class space    used 1767K, capacity 1948K, committed 2048K, reserved 1048576K
}
Event: 2.732 GC heap after
{Heap after GC invocations=4 (full 0):
 garbage-first heap   total 129024K, used 8955K [0x0000000083200000, 0x0000000100000000)
  region size 1024K, 3 young (3072K), 3 survivors (3072K)
 Metaspace       used 14519K, capacity 15236K, committed 15360K, reserved 1062912K
  class space    used 1767K, capacity 1948K, committed 2048K, reserved 1048576K
}
Event: 3.607 GC heap before
{Heap before GC invocations=4 (full 0):
 garbage-first heap   total 129024K, used 73467K [0x0000000083200000, 0x0000000100000000)
  region size 1024K, 67 young (68608K), 3 survivors (3072K)
 Metaspace       used 15681K, capacity 16231K, committed 16512K, reserved 1062912K
  class space    used 1877K, capacity 2066K, committed 2176K, reserved 1048576K
}
Event: 3.622 GC heap after
{Heap after GC invocations=5 (full 0):
 garbage-first heap   total 155648K, used 10524K [0x0000000083200000, 0x0000000100000000)
  region size 1024K, 5 young (5120K), 5 survivors (5120K)
 Metaspace       used 15681K, capacity 16231K, committed 16512K, reserved 1062912K
  class space    used 1877K, capacity 2066K, committed 2176K, reserved 1048576K
}
Event: 4.626 GC heap before
{Heap before GC invocations=5 (full 0):
 garbage-first heap   total 155648K, used 89372K [0x0000000083200000, 0x0000000100000000)
  region size 1024K, 82 young (83968K), 5 survivors (5120K)
 Metaspace       used 18219K, capacity 18817K, committed 19072K, reserved 1067008K
  class space    used 2199K, capacity 2397K, committed 2432K, reserved 1048576K
}
Event: 4.639 GC heap after
{Heap after GC invocations=6 (full 0):
 garbage-first heap   total 155648K, used 11306K [0x0000000083200000, 0x0000000100000000)
  region size 1024K, 6 young (6144K), 6 survivors (6144K)
 Metaspace       used 18219K, capacity 18817K, committed 19072K, reserved 1067008K
  class space    used 2199K, capacity 2397K, committed 2432K, reserved 1048576K
}
Event: 5.420 GC heap before
{Heap before GC invocations=6 (full 0):
 garbage-first heap   total 155648K, used 30762K [0x0000000083200000, 0x0000000100000000)
  region size 1024K, 26 young (26624K), 6 survivors (6144K)
 Metaspace       used 20595K, capacity 21168K, committed 21248K, reserved 1067008K
  class space    used 2521K, capacity 2759K, committed 2816K, reserved 1048576K
}
Event: 5.446 GC heap after
{Heap after GC invocations=7 (full 0):
 garbage-first heap   total 155648K, used 11674K [0x0000000083200000, 0x0000000100000000)
  region size 1024K, 6 young (6144K), 6 survivors (6144K)
 Metaspace       used 20595K, capacity 21168K, committed 21248K, reserved 1067008K
  class space    used 2521K, capacity 2759K, committed 2816K, reserved 1048576K
}
Event: 6.430 GC heap before
{Heap before GC invocations=8 (full 0):
 garbage-first heap   total 45056K, used 32154K [0x0000000083200000, 0x0000000100000000)
  region size 1024K, 26 young (26624K), 6 survivors (6144K)
 Metaspace       used 23360K, capacity 24166K, committed 24320K, reserved 1071104K
  class space    used 2905K, capacity 3236K, committed 3328K, reserved 1048576K
}
Event: 6.456 GC heap after
{Heap after GC invocations=9 (full 0):
 garbage-first heap   total 45056K, used 13617K [0x0000000083200000, 0x0000000100000000)
  region size 1024K, 3 young (3072K), 3 survivors (3072K)
 Metaspace       used 23360K, capacity 24166K, committed 24320K, reserved 1071104K
  class space    used 2905K, capacity 3236K, committed 3328K, reserved 1048576K
}
Event: 7.078 GC heap before
{Heap before GC invocations=9 (full 0):
 garbage-first heap   total 45056K, used 32049K [0x0000000083200000, 0x0000000100000000)
  region size 1024K, 22 young (22528K), 3 survivors (3072K)
 Metaspace       used 26103K, capacity 27021K, committed 27136K, reserved 1073152K
  class space    used 3198K, capacity 3548K, committed 3584K, reserved 1048576K
}
Event: 7.094 GC heap after
{Heap after GC invocations=10 (full 0):
 garbage-first heap   total 57344K, used 15120K [0x0000000083200000, 0x0000000100000000)
  region size 1024K, 2 young (2048K), 2 survivors (2048K)
 Metaspace       used 26103K, capacity 27021K, committed 27136K, reserved 1073152K
  class space    used 3198K, capacity 3548K, committed 3584K, reserved 1048576K
}
Event: 7.110 GC heap before
{Heap before GC invocations=10 (full 0):
 garbage-first heap   total 57344K, used 37648K [0x0000000083200000, 0x0000000100000000)
  region size 1024K, 25 young (25600K), 2 survivors (2048K)
 Metaspace       used 26103K, capacity 27021K, committed 27136K, reserved 1073152K
  class space    used 3198K, capacity 3548K, committed 3584K, reserved 1048576K
}
Event: 7.116 GC heap after
{Heap after GC invocations=11 (full 0):
 garbage-first heap   total 57344K, used 14805K [0x0000000083200000, 0x0000000100000000)
  region size 1024K, 2 young (2048K), 2 survivors (2048K)
 Metaspace       used 26103K, capacity 27021K, committed 27136K, reserved 1073152K
  class space    used 3198K, capacity 3548K, committed 3584K, reserved 1048576K
}

