# JRE version: Java(TM) SE Runtime Environment (13.0.1+9) (build 13.0.1+9)
# Java VM: Java HotSpot(TM) 64-Bit Server VM (13.0.1+9, mixed mode, sharing, tiered, compressed oops, g1 gc, windows-amd64)
Heap:
 garbage-first heap   total 81920K, used 52000K [0x0000000083200000, 0x0000000100000000)
  region size 1024K, 25 young (25600K), 3 survivors (3072K)
 Metaspace       used 63751K, capacity 65276K, committed 65484K, reserved 1105920K
  class space    used 8309K, capacity 8899K, committed 8960K, reserved 1048576K
GC Heap History (20 events):
Event: 6.363 GC heap before
{Heap before GC invocations=11 (full 0):
 garbage-first heap   total 56320K, used 40187K [0x0000000083200000, 0x0000000100000000)
  region size 1024K, 28 young (28672K), 2 survivors (2048K)
 Metaspace       used 28392K, capacity 29330K, committed 29568K, reserved 1075200K
  class space    used 3507K, capacity 3875K, committed 3968K, reserved 1048576K
}
Event: 6.370 GC heap after
{Heap after GC invocations=12 (full 0):
 garbage-first heap   total 56320K, used 15354K [0x0000000083200000, 0x0000000100000000)
  region size 1024K, 2 young (2048K), 2 survivors (2048K)
 Metaspace       used 28392K, capacity 29330K, committed 29568K, reserved 1075200K
  class space    used 3507K, capacity 3875K, committed 3968K, reserved 1048576K
}
Event: 6.872 GC heap before
{Heap before GC invocations=12 (full 0):
 garbage-first heap   total 56320K, used 41978K [0x0000000083200000, 0x0000000100000000)
  region size 1024K, 28 young (28672K), 2 survivors (2048K)
 Metaspace       used 32515K, capacity 33528K, committed 33664K, reserved 1079296K
  class space    used 4090K, capacity 4479K, committed 4480K, reserved 1048576K
}
Event: 6.882 GC heap after
{Heap after GC invocations=13 (full 0):
 garbage-first heap   total 56320K, used 16547K [0x0000000083200000, 0x0000000100000000)
  region size 1024K, 4 young (4096K), 4 survivors (4096K)
 Metaspace       used 32515K, capacity 33528K, committed 33664K, reserved 1079296K
  class space    used 4090K, capacity 4479K, committed 4480K, reserved 1048576K
}
Event: 7.262 GC heap before
{Heap before GC invocations=13 (full 0):
 garbage-first heap   total 56320K, used 31907K [0x0000000083200000, 0x0000000100000000)
  region size 1024K, 20 young (20480K), 4 survivors (4096K)
 Metaspace       used 34820K, capacity 35726K, committed 35840K, reserved 1081344K
  class space    used 4490K, capacity 4848K, committed 4864K, reserved 1048576K
}
Event: 7.278 GC heap after
{Heap after GC invocations=14 (full 0):
 garbage-first heap   total 67584K, used 17544K [0x0000000083200000, 0x0000000100000000)
  region size 1024K, 4 young (4096K), 4 survivors (4096K)
 Metaspace       used 34820K, capacity 35726K, committed 35840K, reserved 1081344K
  class space    used 4490K, capacity 4848K, committed 4864K, reserved 1048576K
}
Event: 8.104 GC heap before
{Heap before GC invocations=15 (full 0):
 garbage-first heap   total 67584K, used 48264K [0x0000000083200000, 0x0000000100000000)
  region size 1024K, 35 young (35840K), 4 survivors (4096K)
 Metaspace       used 41843K, capacity 42859K, committed 43084K, reserved 1087488K
  class space    used 5313K, capacity 5702K, committed 5760K, reserved 1048576K
}
Event: 8.117 GC heap after
{Heap after GC invocations=16 (full 0):
 garbage-first heap   total 67584K, used 21271K [0x0000000083200000, 0x0000000100000000)
  region size 1024K, 5 young (5120K), 5 survivors (5120K)
 Metaspace       used 41843K, capacity 42859K, committed 43084K, reserved 1087488K
  class space    used 5313K, capacity 5702K, committed 5760K, reserved 1048576K
}
Event: 8.832 GC heap before
{Heap before GC invocations=16 (full 0):
 garbage-first heap   total 67584K, used 50967K [0x0000000083200000, 0x0000000100000000)
  region size 1024K, 34 young (34816K), 5 survivors (5120K)
 Metaspace       used 46912K, capacity 48078K, committed 48204K, reserved 1091584K
  class space    used 6038K, capacity 6494K, committed 6528K, reserved 1048576K
}
Event: 8.846 GC heap after
{Heap after GC invocations=17 (full 0):
 garbage-first heap   total 67584K, used 23830K [0x0000000083200000, 0x0000000100000000)
  region size 1024K, 3 young (3072K), 3 survivors (3072K)
 Metaspace       used 46912K, capacity 48078K, committed 48204K, reserved 1091584K
  class space    used 6038K, capacity 6494K, committed 6528K, reserved 1048576K
}
Event: 9.475 GC heap before
{Heap before GC invocations=17 (full 0):
 garbage-first heap   total 67584K, used 50454K [0x0000000083200000, 0x0000000100000000)
  region size 1024K, 30 young (30720K), 3 survivors (3072K)
 Metaspace       used 50714K, capacity 51921K, committed 52044K, reserved 1093632K
  class space    used 6565K, capacity 7025K, committed 7040K, reserved 1048576K
}
Event: 9.483 GC heap after
{Heap after GC invocations=18 (full 0):
 garbage-first heap   total 67584K, used 27478K [0x0000000083200000, 0x0000000100000000)
  region size 1024K, 4 young (4096K), 4 survivors (4096K)
 Metaspace       used 50714K, capacity 51921K, committed 52044K, reserved 1093632K
  class space    used 6565K, capacity 7025K, committed 7040K, reserved 1048576K
}
Event: 10.019 GC heap before
{Heap before GC invocations=18 (full 0):
 garbage-first heap   total 67584K, used 52054K [0x0000000083200000, 0x0000000100000000)
  region size 1024K, 28 young (28672K), 4 survivors (4096K)
 Metaspace       used 54405K, capacity 55629K, committed 55756K, reserved 1097728K
  class space    used 7115K, capacity 7570K, committed 7680K, reserved 1048576K
}
Event: 10.026 GC heap after
{Heap after GC invocations=19 (full 0):
 garbage-first heap   total 81920K, used 28176K [0x0000000083200000, 0x0000000100000000)
  region size 1024K, 1 young (1024K), 1 survivors (1024K)
 Metaspace       used 54405K, capacity 55629K, committed 55756K, reserved 1097728K
  class space    used 7115K, capacity 7570K, committed 7680K, reserved 1048576K
}
Event: 10.904 GC heap before
{Heap before GC invocations=19 (full 0):
 garbage-first heap   total 81920K, used 58896K [0x0000000083200000, 0x0000000100000000)
  region size 1024K, 32 young (32768K), 1 survivors (1024K)
 Metaspace       used 58342K, capacity 59598K, committed 59852K, reserved 1101824K
  class space    used 7623K, capacity 8123K, committed 8192K, reserved 1048576K
}
Event: 10.913 GC heap after
{Heap after GC invocations=20 (full 0):
 garbage-first heap   total 81920K, used 29432K [0x0000000083200000, 0x0000000100000000)
  region size 1024K, 2 young (2048K), 2 survivors (2048K)
 Metaspace       used 58342K, capacity 59598K, committed 59852K, reserved 1101824K
  class space    used 7623K, capacity 8123K, committed 8192K, reserved 1048576K
}
Event: 11.027 GC heap before
{Heap before GC invocations=20 (full 0):
 garbage-first heap   total 81920K, used 32504K [0x0000000083200000, 0x0000000100000000)
  region size 1024K, 6 young (6144K), 2 survivors (2048K)
 Metaspace       used 58817K, capacity 60154K, committed 60236K, reserved 1101824K
  class space    used 7705K, capacity 8245K, committed 8320K, reserved 1048576K
}
Event: 11.035 GC heap after
{Heap after GC invocations=21 (full 0):
 garbage-first heap   total 81920K, used 29708K [0x0000000083200000, 0x0000000100000000)
  region size 1024K, 3 young (3072K), 3 survivors (3072K)
 Metaspace       used 58817K, capacity 60154K, committed 60236K, reserved 1101824K
  class space    used 7705K, capacity 8245K, committed 8320K, reserved 1048576K
}
Event: 11.481 GC heap before
{Heap before GC invocations=22 (full 0):
 garbage-first heap   total 81920K, used 52236K [0x0000000083200000, 0x0000000100000000)
  region size 1024K, 25 young (25600K), 3 survivors (3072K)
 Metaspace       used 59983K, capacity 61407K, committed 61644K, reserved 1101824K
  class space    used 7887K, capacity 8444K, committed 8448K, reserved 1048576K
}
Event: 11.492 GC heap after
{Heap after GC invocations=23 (full 0):
 garbage-first heap   total 81920K, used 30496K [0x0000000083200000, 0x0000000100000000)
  region size 1024K, 3 young (3072K), 3 survivors (3072K)
 Metaspace       used 59983K, capacity 61407K, committed 61644K, reserved 1101824K
  class space    used 7887K, capacity 8444K, committed 8448K, reserved 1048576K
}

