# JRE version: Java(TM) SE Runtime Environment (13.0.1+9) (build 13.0.1+9)
# Java VM: Java HotSpot(TM) 64-Bit Server VM (13.0.1+9, mixed mode, sharing, tiered, compressed oops, g1 gc, windows-amd64)
Heap:
 garbage-first heap   total 71680K, used 29519K [0x0000000083200000, 0x0000000100000000)
  region size 1024K, 10 young (10240K), 3 survivors (3072K)
 Metaspace       used 45450K, capacity 46589K, committed 46668K, reserved 1089536K
  class space    used 5829K, capacity 6244K, committed 6272K, reserved 1048576K
GC Heap History (20 events):
Event: 3.435 GC heap before
{Heap before GC invocations=5 (full 0):
 garbage-first heap   total 129024K, used 82036K [0x0000000083200000, 0x0000000100000000)
  region size 1024K, 75 young (76800K), 5 survivors (5120K)
 Metaspace       used 16810K, capacity 17342K, committed 17664K, reserved 1064960K
  class space    used 2016K, capacity 2215K, committed 2304K, reserved 1048576K
}
Event: 3.446 GC heap after
{Heap after GC invocations=6 (full 0):
 garbage-first heap   total 155648K, used 10776K [0x0000000083200000, 0x0000000100000000)
  region size 1024K, 5 young (5120K), 5 survivors (5120K)
 Metaspace       used 16810K, capacity 17342K, committed 17664K, reserved 1064960K
  class space    used 2016K, capacity 2215K, committed 2304K, reserved 1048576K
}
Event: 4.413 GC heap before
{Heap before GC invocations=6 (full 0):
 garbage-first heap   total 155648K, used 42520K [0x0000000083200000, 0x0000000100000000)
  region size 1024K, 37 young (37888K), 5 survivors (5120K)
 Metaspace       used 20601K, capacity 21166K, committed 21248K, reserved 1067008K
  class space    used 2522K, capacity 2759K, committed 2816K, reserved 1048576K
}
Event: 4.434 GC heap after
{Heap after GC invocations=7 (full 0):
 garbage-first heap   total 155648K, used 12077K [0x0000000083200000, 0x0000000100000000)
  region size 1024K, 6 young (6144K), 6 survivors (6144K)
 Metaspace       used 20601K, capacity 21166K, committed 21248K, reserved 1067008K
  class space    used 2522K, capacity 2759K, committed 2816K, reserved 1048576K
}
Event: 5.154 GC heap before
{Heap before GC invocations=8 (full 0):
 garbage-first heap   total 45056K, used 32557K [0x0000000083200000, 0x0000000100000000)
  region size 1024K, 26 young (26624K), 6 survivors (6144K)
 Metaspace       used 23402K, capacity 24164K, committed 24320K, reserved 1071104K
  class space    used 2926K, capacity 3236K, committed 3328K, reserved 1048576K
}
Event: 5.181 GC heap after
{Heap after GC invocations=9 (full 0):
 garbage-first heap   total 45056K, used 14356K [0x0000000083200000, 0x0000000100000000)
  region size 1024K, 4 young (4096K), 4 survivors (4096K)
 Metaspace       used 23402K, capacity 24164K, committed 24320K, reserved 1071104K
  class space    used 2926K, capacity 3236K, committed 3328K, reserved 1048576K
}
Event: 5.707 GC heap before
{Heap before GC invocations=9 (full 0):
 garbage-first heap   total 45056K, used 32788K [0x0000000083200000, 0x0000000100000000)
  region size 1024K, 23 young (23552K), 4 survivors (4096K)
 Metaspace       used 26075K, capacity 27019K, committed 27136K, reserved 1073152K
  class space    used 3202K, capacity 3548K, committed 3584K, reserved 1048576K
}
Event: 5.725 GC heap after
{Heap after GC invocations=10 (full 0):
 garbage-first heap   total 45056K, used 15647K [0x0000000083200000, 0x0000000100000000)
  region size 1024K, 2 young (2048K), 2 survivors (2048K)
 Metaspace       used 26075K, capacity 27019K, committed 27136K, reserved 1073152K
  class space    used 3202K, capacity 3548K, committed 3584K, reserved 1048576K
}
Event: 5.736 GC heap before
{Heap before GC invocations=10 (full 0):
 garbage-first heap   total 45056K, used 33055K [0x0000000083200000, 0x0000000100000000)
  region size 1024K, 20 young (20480K), 2 survivors (2048K)
 Metaspace       used 26075K, capacity 27019K, committed 27136K, reserved 1073152K
  class space    used 3202K, capacity 3548K, committed 3584K, reserved 1048576K
}
Event: 5.741 GC heap after
{Heap after GC invocations=11 (full 0):
 garbage-first heap   total 59392K, used 15262K [0x0000000083200000, 0x0000000100000000)
  region size 1024K, 2 young (2048K), 2 survivors (2048K)
 Metaspace       used 26075K, capacity 27019K, committed 27136K, reserved 1073152K
  class space    used 3202K, capacity 3548K, committed 3584K, reserved 1048576K
}
Event: 6.357 GC heap before
{Heap before GC invocations=11 (full 0):
 garbage-first heap   total 59392K, used 42910K [0x0000000083200000, 0x0000000100000000)
  region size 1024K, 30 young (30720K), 2 survivors (2048K)
 Metaspace       used 27531K, capacity 28444K, committed 28672K, reserved 1075200K
  class space    used 3389K, capacity 3766K, committed 3840K, reserved 1048576K
}
Event: 6.363 GC heap after
{Heap after GC invocations=12 (full 0):
 garbage-first heap   total 59392K, used 15668K [0x0000000083200000, 0x0000000100000000)
  region size 1024K, 2 young (2048K), 2 survivors (2048K)
 Metaspace       used 27531K, capacity 28444K, committed 28672K, reserved 1075200K
  class space    used 3389K, capacity 3766K, committed 3840K, reserved 1048576K
}
Event: 7.035 GC heap before
{Heap before GC invocations=12 (full 0):
 garbage-first heap   total 59392K, used 44340K [0x0000000083200000, 0x0000000100000000)
  region size 1024K, 31 young (31744K), 2 survivors (2048K)
 Metaspace       used 32296K, capacity 33207K, committed 33408K, reserved 1079296K
  class space    used 4048K, capacity 4408K, committed 4480K, reserved 1048576K
}
Event: 7.042 GC heap after
{Heap after GC invocations=13 (full 0):
 garbage-first heap   total 59392K, used 16929K [0x0000000083200000, 0x0000000100000000)
  region size 1024K, 3 young (3072K), 3 survivors (3072K)
 Metaspace       used 32296K, capacity 33207K, committed 33408K, reserved 1079296K
  class space    used 4048K, capacity 4408K, committed 4480K, reserved 1048576K
}
Event: 7.467 GC heap before
{Heap before GC invocations=13 (full 0):
 garbage-first heap   total 59392K, used 34337K [0x0000000083200000, 0x0000000100000000)
  region size 1024K, 21 young (21504K), 3 survivors (3072K)
 Metaspace       used 34833K, capacity 35753K, committed 35840K, reserved 1081344K
  class space    used 4487K, capacity 4850K, committed 4864K, reserved 1048576K
}
Event: 7.479 GC heap after
{Heap after GC invocations=14 (full 0):
 garbage-first heap   total 59392K, used 17951K [0x0000000083200000, 0x0000000100000000)
  region size 1024K, 3 young (3072K), 3 survivors (3072K)
 Metaspace       used 34833K, capacity 35753K, committed 35840K, reserved 1081344K
  class space    used 4487K, capacity 4850K, committed 4864K, reserved 1048576K
}
Event: 8.219 GC heap before
{Heap before GC invocations=15 (full 0):
 garbage-first heap   total 59392K, used 41503K [0x0000000083200000, 0x0000000100000000)
  region size 1024K, 27 young (27648K), 3 survivors (3072K)
 Metaspace       used 39391K, capacity 40471K, committed 40780K, reserved 1085440K
  class space    used 5011K, capacity 5432K, committed 5504K, reserved 1048576K
}
Event: 8.237 GC heap after
{Heap after GC invocations=16 (full 0):
 garbage-first heap   total 59392K, used 20943K [0x0000000083200000, 0x0000000100000000)
  region size 1024K, 4 young (4096K), 4 survivors (4096K)
 Metaspace       used 39391K, capacity 40471K, committed 40780K, reserved 1085440K
  class space    used 5011K, capacity 5432K, committed 5504K, reserved 1048576K
}
Event: 8.793 GC heap before
{Heap before GC invocations=16 (full 0):
 garbage-first heap   total 59392K, used 43471K [0x0000000083200000, 0x0000000100000000)
  region size 1024K, 26 young (26624K), 4 survivors (4096K)
 Metaspace       used 44434K, capacity 45593K, committed 45772K, reserved 1089536K
  class space    used 5681K, capacity 6107K, committed 6144K, reserved 1048576K
}
Event: 8.813 GC heap after
{Heap after GC invocations=17 (full 0):
 garbage-first heap   total 71680K, used 23375K [0x0000000083200000, 0x0000000100000000)
  region size 1024K, 3 young (3072K), 3 survivors (3072K)
 Metaspace       used 44434K, capacity 45593K, committed 45772K, reserved 1089536K
  class space    used 5681K, capacity 6107K, committed 6144K, reserved 1048576K
}

