# JRE version: Java(TM) SE Runtime Environment (13.0.1+9) (build 13.0.1+9)
# Java VM: Java HotSpot(TM) 64-Bit Server VM (13.0.1+9, mixed mode, sharing, tiered, compressed oops, g1 gc, windows-amd64)
Heap:
 garbage-first heap   total 45056K, used 27434K [0x0000000083200000, 0x0000000100000000)
  region size 1024K, 22 young (22528K), 6 survivors (6144K)
 Metaspace       used 22459K, capacity 23112K, committed 23344K, reserved 1069056K
  class space    used 2693K, capacity 2927K, committed 2944K, reserved 1048576K
GC Heap History (14 events):
Event: 1.918 GC heap before
{Heap before GC invocations=0 (full 0):
 garbage-first heap   total 129024K, used 15360K [0x0000000083200000, 0x0000000100000000)
  region size 1024K, 14 young (14336K), 0 survivors (0K)
 Metaspace       used 3923K, capacity 5469K, committed 5760K, reserved 1056768K
  class space    used 387K, capacity 523K, committed 640K, reserved 1048576K
}
Event: 1.929 GC heap after
{Heap after GC invocations=1 (full 0):
 garbage-first heap   total 129024K, used 6502K [0x0000000083200000, 0x0000000100000000)
  region size 1024K, 2 young (2048K), 2 survivors (2048K)
 Metaspace       used 3923K, capacity 5469K, committed 5760K, reserved 1056768K
  class space    used 387K, capacity 523K, committed 640K, reserved 1048576K
}
Event: 2.239 GC heap before
{Heap before GC invocations=1 (full 0):
 garbage-first heap   total 129024K, used 15718K [0x0000000083200000, 0x0000000100000000)
  region size 1024K, 11 young (11264K), 2 survivors (2048K)
 Metaspace       used 5758K, capacity 6655K, committed 6912K, reserved 1056768K
  class space    used 603K, capacity 687K, committed 768K, reserved 1048576K
}
Event: 2.244 GC heap after
{Heap after GC invocations=2 (full 0):
 garbage-first heap   total 129024K, used 7047K [0x0000000083200000, 0x0000000100000000)
  region size 1024K, 1 young (1024K), 1 survivors (1024K)
 Metaspace       used 5758K, capacity 6655K, committed 6912K, reserved 1056768K
  class space    used 603K, capacity 687K, committed 768K, reserved 1048576K
}
Event: 2.724 GC heap before
{Heap before GC invocations=2 (full 0):
 garbage-first heap   total 129024K, used 32647K [0x0000000083200000, 0x0000000100000000)
  region size 1024K, 27 young (27648K), 1 survivors (1024K)
 Metaspace       used 10569K, capacity 10939K, committed 11008K, reserved 1058816K
  class space    used 1156K, capacity 1273K, committed 1280K, reserved 1048576K
}
Event: 2.728 GC heap after
{Heap after GC invocations=3 (full 0):
 garbage-first heap   total 129024K, used 8014K [0x0000000083200000, 0x0000000100000000)
  region size 1024K, 2 young (2048K), 2 survivors (2048K)
 Metaspace       used 10569K, capacity 10939K, committed 11008K, reserved 1058816K
  class space    used 1156K, capacity 1273K, committed 1280K, reserved 1048576K
}
Event: 3.983 GC heap before
{Heap before GC invocations=3 (full 0):
 garbage-first heap   total 129024K, used 51022K [0x0000000083200000, 0x0000000100000000)
  region size 1024K, 44 young (45056K), 2 survivors (2048K)
 Metaspace       used 16372K, capacity 16879K, committed 17024K, reserved 1064960K
  class space    used 1944K, capacity 2124K, committed 2176K, reserved 1048576K
}
Event: 3.996 GC heap after
{Heap after GC invocations=4 (full 0):
 garbage-first heap   total 129024K, used 9595K [0x0000000083200000, 0x0000000100000000)
  region size 1024K, 3 young (3072K), 3 survivors (3072K)
 Metaspace       used 16372K, capacity 16879K, committed 17024K, reserved 1064960K
  class space    used 1944K, capacity 2124K, committed 2176K, reserved 1048576K
}
Event: 4.860 GC heap before
{Heap before GC invocations=4 (full 0):
 garbage-first heap   total 129024K, used 72059K [0x0000000083200000, 0x0000000100000000)
  region size 1024K, 65 young (66560K), 3 survivors (3072K)
 Metaspace       used 17526K, capacity 18067K, committed 18176K, reserved 1064960K
  class space    used 2049K, capacity 2241K, committed 2304K, reserved 1048576K
}
Event: 4.869 GC heap after
{Heap after GC invocations=5 (full 0):
 garbage-first heap   total 129024K, used 11053K [0x0000000083200000, 0x0000000100000000)
  region size 1024K, 5 young (5120K), 5 survivors (5120K)
 Metaspace       used 17526K, capacity 18067K, committed 18176K, reserved 1064960K
  class space    used 2049K, capacity 2241K, committed 2304K, reserved 1048576K
}
Event: 5.957 GC heap before
{Heap before GC invocations=5 (full 0):
 garbage-first heap   total 129024K, used 80685K [0x0000000083200000, 0x0000000100000000)
  region size 1024K, 73 young (74752K), 5 survivors (5120K)
 Metaspace       used 18732K, capacity 19299K, committed 19584K, reserved 1067008K
  class space    used 2194K, capacity 2388K, committed 2432K, reserved 1048576K
}
Event: 5.975 GC heap after
{Heap after GC invocations=6 (full 0):
 garbage-first heap   total 129024K, used 11708K [0x0000000083200000, 0x0000000100000000)
  region size 1024K, 5 young (5120K), 5 survivors (5120K)
 Metaspace       used 18732K, capacity 19299K, committed 19584K, reserved 1067008K
  class space    used 2194K, capacity 2388K, committed 2432K, reserved 1048576K
}
Event: 6.657 GC heap before
{Heap before GC invocations=6 (full 0):
 garbage-first heap   total 129024K, used 32188K [0x0000000083200000, 0x0000000100000000)
  region size 1024K, 26 young (26624K), 5 survivors (5120K)
 Metaspace       used 20641K, capacity 21237K, committed 21296K, reserved 1069056K
  class space    used 2446K, capacity 2667K, committed 2688K, reserved 1048576K
}
Event: 6.681 GC heap after
{Heap after GC invocations=7 (full 0):
 garbage-first heap   total 155648K, used 12074K [0x0000000083200000, 0x0000000100000000)
  region size 1024K, 6 young (6144K), 6 survivors (6144K)
 Metaspace       used 20641K, capacity 21237K, committed 21296K, reserved 1069056K
  class space    used 2446K, capacity 2667K, committed 2688K, reserved 1048576K
}

