# JRE version: Java(TM) SE Runtime Environment (13.0.1+9) (build 13.0.1+9)
# Java VM: Java HotSpot(TM) 64-Bit Server VM (13.0.1+9, mixed mode, sharing, tiered, compressed oops, g1 gc, windows-amd64)
Heap:
 garbage-first heap   total 155648K, used 25180K [0x0000000083200000, 0x0000000100000000)
  region size 1024K, 20 young (20480K), 5 survivors (5120K)
 Metaspace       used 16674K, capacity 17206K, committed 17280K, reserved 1064960K
  class space    used 1998K, capacity 2172K, committed 2176K, reserved 1048576K
GC Heap History (10 events):
Event: 0.847 GC heap before
{Heap before GC invocations=0 (full 0):
 garbage-first heap   total 129024K, used 14336K [0x0000000083200000, 0x0000000100000000)
  region size 1024K, 14 young (14336K), 0 survivors (0K)
 Metaspace       used 2443K, capacity 5641K, committed 5760K, reserved 1056768K
  class space    used 231K, capacity 542K, committed 640K, reserved 1048576K
}
Event: 0.856 GC heap after
{Heap after GC invocations=1 (full 0):
 garbage-first heap   total 129024K, used 6095K [0x0000000083200000, 0x0000000100000000)
  region size 1024K, 2 young (2048K), 2 survivors (2048K)
 Metaspace       used 2443K, capacity 5641K, committed 5760K, reserved 1056768K
  class space    used 231K, capacity 542K, committed 640K, reserved 1048576K
}
Event: 0.995 GC heap before
{Heap before GC invocations=1 (full 0):
 garbage-first heap   total 129024K, used 10191K [0x0000000083200000, 0x0000000100000000)
  region size 1024K, 6 young (6144K), 2 survivors (2048K)
 Metaspace       used 3320K, capacity 6085K, committed 6272K, reserved 1056768K
  class space    used 342K, capacity 585K, committed 640K, reserved 1048576K
}
Event: 0.998 GC heap after
{Heap after GC invocations=2 (full 0):
 garbage-first heap   total 129024K, used 6364K [0x0000000083200000, 0x0000000100000000)
  region size 1024K, 1 young (1024K), 1 survivors (1024K)
 Metaspace       used 3320K, capacity 6085K, committed 6272K, reserved 1056768K
  class space    used 342K, capacity 585K, committed 640K, reserved 1048576K
}
Event: 1.546 GC heap before
{Heap before GC invocations=2 (full 0):
 garbage-first heap   total 129024K, used 27868K [0x0000000083200000, 0x0000000100000000)
  region size 1024K, 23 young (23552K), 1 survivors (1024K)
 Metaspace       used 7613K, capacity 9442K, committed 9600K, reserved 1058816K
  class space    used 849K, capacity 1079K, committed 1152K, reserved 1048576K
}
Event: 1.550 GC heap after
{Heap after GC invocations=3 (full 0):
 garbage-first heap   total 129024K, used 7362K [0x0000000083200000, 0x0000000100000000)
  region size 1024K, 2 young (2048K), 2 survivors (2048K)
 Metaspace       used 7613K, capacity 9442K, committed 9600K, reserved 1058816K
  class space    used 849K, capacity 1079K, committed 1152K, reserved 1048576K
}
Event: 3.418 GC heap before
{Heap before GC invocations=3 (full 0):
 garbage-first heap   total 129024K, used 81090K [0x0000000083200000, 0x0000000100000000)
  region size 1024K, 75 young (76800K), 2 survivors (2048K)
 Metaspace       used 14906K, capacity 15494K, committed 15616K, reserved 1062912K
  class space    used 1796K, capacity 1990K, committed 2048K, reserved 1048576K
}
Event: 3.431 GC heap after
{Heap after GC invocations=4 (full 0):
 garbage-first heap   total 129024K, used 9950K [0x0000000083200000, 0x0000000100000000)
  region size 1024K, 4 young (4096K), 4 survivors (4096K)
 Metaspace       used 14906K, capacity 15494K, committed 15616K, reserved 1062912K
  class space    used 1796K, capacity 1990K, committed 2048K, reserved 1048576K
}
Event: 4.080 GC heap before
{Heap before GC invocations=4 (full 0):
 garbage-first heap   total 129024K, used 81630K [0x0000000083200000, 0x0000000100000000)
  region size 1024K, 75 young (76800K), 4 survivors (4096K)
 Metaspace       used 16538K, capacity 17072K, committed 17280K, reserved 1064960K
  class space    used 1982K, capacity 2171K, committed 2176K, reserved 1048576K
}
Event: 4.094 GC heap after
{Heap after GC invocations=5 (full 0):
 garbage-first heap   total 155648K, used 10844K [0x0000000083200000, 0x0000000100000000)
  region size 1024K, 5 young (5120K), 5 survivors (5120K)
 Metaspace       used 16538K, capacity 17072K, committed 17280K, reserved 1064960K
  class space    used 1982K, capacity 2171K, committed 2176K, reserved 1048576K
}

